# JRE version: OpenJDK Runtime Environment Zulu23.30+13-CA (23.0.1+11) (build 23.0.1+11)
# Java VM: OpenJDK 64-Bit Server VM Zulu23.30+13-CA (23.0.1+11, mixed mode, sharing, tiered, compressed oops, compressed class ptrs, g1 gc, windows-amd64)
GC Precious Log:
 CardTable entry size: 512
 Card Set container configuration: InlinePtr #cards 5 size 8 Array Of Cards #cards 10 size 36 Howl #buckets 4 coarsen threshold 1843 Howl Bitmap #cards 512 size 80 coarsen threshold 460 Card regions per heap region 1 cards per card region 2048
 CPUs: 8 total, 8 available
 Memory: 5877M
 Large Page Support: Disabled
 NUMA Support: Disabled
 Compressed Oops: Enabled (32-bit)
 Heap Region Size: 1M
 Heap Min Capacity: 8M
 Heap Initial Capacity: 92M
 Heap Max Capacity: 1470M
 Pre-touch: Disabled
 Parallel Workers: 8
 Concurrent Workers: 2
 Concurrent Refinement Workers: 8
 Periodic GC: Disabled
Heap:
 garbage-first heap   total reserved 1505280K, committed 208896K, used 135372K [0x00000000a4200000, 0x0000000100000000)
  region size 1024K, 8 young (8192K), 8 survivors (8192K)
 Metaspace       used 76289K, committed 77312K, reserved 1179648K
  class space    used 8912K, committed 9408K, reserved 1048576K
GC Heap History (20 events):
Event: 174.019 GC heap after
{Heap after GC invocations=44 (full 0):
 garbage-first heap   total reserved 1505280K, committed 158720K, used 98544K [0x00000000a4200000, 0x0000000100000000)
  region size 1024K, 5 young (5120K), 5 survivors (5120K)
 Metaspace       used 75747K, committed 76864K, reserved 1179648K
  class space    used 8904K, committed 9408K, reserved 1048576K
}
Event: 174.432 GC heap before
{Heap before GC invocations=44 (full 0):
 garbage-first heap   total reserved 1505280K, committed 158720K, used 139504K [0x00000000a4200000, 0x0000000100000000)
  region size 1024K, 45 young (46080K), 5 survivors (5120K)
 Metaspace       used 75865K, committed 76928K, reserved 1179648K
  class space    used 8905K, committed 9408K, reserved 1048576K
}
Event: 174.440 GC heap after
{Heap after GC invocations=45 (full 0):
 garbage-first heap   total reserved 1505280K, committed 158720K, used 100454K [0x00000000a4200000, 0x0000000100000000)
  region size 1024K, 5 young (5120K), 5 survivors (5120K)
 Metaspace       used 75865K, committed 76928K, reserved 1179648K
  class space    used 8905K, committed 9408K, reserved 1048576K
}
Event: 174.548 GC heap before
{Heap before GC invocations=45 (full 0):
 garbage-first heap   total reserved 1505280K, committed 158720K, used 107622K [0x00000000a4200000, 0x0000000100000000)
  region size 1024K, 13 young (13312K), 5 survivors (5120K)
 Metaspace       used 75886K, committed 76992K, reserved 1179648K
  class space    used 8905K, committed 9408K, reserved 1048576K
}
Event: 174.553 GC heap after
{Heap after GC invocations=46 (full 0):
 garbage-first heap   total reserved 1505280K, committed 158720K, used 102506K [0x00000000a4200000, 0x0000000100000000)
  region size 1024K, 3 young (3072K), 3 survivors (3072K)
 Metaspace       used 75886K, committed 76992K, reserved 1179648K
  class space    used 8905K, committed 9408K, reserved 1048576K
}
Event: 174.904 GC heap before
{Heap before GC invocations=47 (full 0):
 garbage-first heap   total reserved 1505280K, committed 174080K, used 142442K [0x00000000a4200000, 0x0000000100000000)
  region size 1024K, 41 young (41984K), 3 survivors (3072K)
 Metaspace       used 75915K, committed 76992K, reserved 1179648K
  class space    used 8905K, committed 9408K, reserved 1048576K
}
Event: 174.908 GC heap after
{Heap after GC invocations=48 (full 0):
 garbage-first heap   total reserved 1505280K, committed 174080K, used 105767K [0x00000000a4200000, 0x0000000100000000)
  region size 1024K, 6 young (6144K), 6 survivors (6144K)
 Metaspace       used 75915K, committed 76992K, reserved 1179648K
  class space    used 8905K, committed 9408K, reserved 1048576K
}
Event: 175.313 GC heap before
{Heap before GC invocations=48 (full 0):
 garbage-first heap   total reserved 1505280K, committed 174080K, used 153895K [0x00000000a4200000, 0x0000000100000000)
  region size 1024K, 52 young (53248K), 6 survivors (6144K)
 Metaspace       used 76002K, committed 77056K, reserved 1179648K
  class space    used 8905K, committed 9408K, reserved 1048576K
}
Event: 175.324 GC heap after
{Heap after GC invocations=49 (full 0):
 garbage-first heap   total reserved 1505280K, committed 174080K, used 108391K [0x00000000a4200000, 0x0000000100000000)
  region size 1024K, 7 young (7168K), 7 survivors (7168K)
 Metaspace       used 76002K, committed 77056K, reserved 1179648K
  class space    used 8905K, committed 9408K, reserved 1048576K
}
Event: 175.485 GC heap before
{Heap before GC invocations=49 (full 0):
 garbage-first heap   total reserved 1505280K, committed 174080K, used 117607K [0x00000000a4200000, 0x0000000100000000)
  region size 1024K, 17 young (17408K), 7 survivors (7168K)
 Metaspace       used 76048K, committed 77120K, reserved 1179648K
  class space    used 8908K, committed 9408K, reserved 1048576K
}
Event: 175.491 GC heap after
{Heap after GC invocations=50 (full 0):
 garbage-first heap   total reserved 1505280K, committed 174080K, used 112193K [0x00000000a4200000, 0x0000000100000000)
  region size 1024K, 3 young (3072K), 3 survivors (3072K)
 Metaspace       used 76048K, committed 77120K, reserved 1179648K
  class space    used 8908K, committed 9408K, reserved 1048576K
}
Event: 175.981 GC heap before
{Heap before GC invocations=51 (full 0):
 garbage-first heap   total reserved 1505280K, committed 189440K, used 154177K [0x00000000a4200000, 0x0000000100000000)
  region size 1024K, 42 young (43008K), 3 survivors (3072K)
 Metaspace       used 76100K, committed 77184K, reserved 1179648K
  class space    used 8912K, committed 9408K, reserved 1048576K
}
Event: 175.987 GC heap after
{Heap after GC invocations=52 (full 0):
 garbage-first heap   total reserved 1505280K, committed 189440K, used 116889K [0x00000000a4200000, 0x0000000100000000)
  region size 1024K, 6 young (6144K), 6 survivors (6144K)
 Metaspace       used 76100K, committed 77184K, reserved 1179648K
  class space    used 8912K, committed 9408K, reserved 1048576K
}
Event: 176.554 GC heap before
{Heap before GC invocations=52 (full 0):
 garbage-first heap   total reserved 1505280K, committed 189440K, used 163993K [0x00000000a4200000, 0x0000000100000000)
  region size 1024K, 51 young (52224K), 6 survivors (6144K)
 Metaspace       used 76119K, committed 77184K, reserved 1179648K
  class space    used 8912K, committed 9408K, reserved 1048576K
}
Event: 176.561 GC heap after
{Heap after GC invocations=53 (full 0):
 garbage-first heap   total reserved 1505280K, committed 189440K, used 118719K [0x00000000a4200000, 0x0000000100000000)
  region size 1024K, 5 young (5120K), 5 survivors (5120K)
 Metaspace       used 76119K, committed 77184K, reserved 1179648K
  class space    used 8912K, committed 9408K, reserved 1048576K
}
Event: 176.873 GC heap before
{Heap before GC invocations=53 (full 0):
 garbage-first heap   total reserved 1505280K, committed 189440K, used 149439K [0x00000000a4200000, 0x0000000100000000)
  region size 1024K, 36 young (36864K), 5 survivors (5120K)
 Metaspace       used 76178K, committed 77248K, reserved 1179648K
  class space    used 8912K, committed 9408K, reserved 1048576K
}
Event: 176.878 GC heap after
{Heap after GC invocations=54 (full 0):
 garbage-first heap   total reserved 1505280K, committed 189440K, used 123299K [0x00000000a4200000, 0x0000000100000000)
  region size 1024K, 5 young (5120K), 5 survivors (5120K)
 Metaspace       used 76178K, committed 77248K, reserved 1179648K
  class space    used 8912K, committed 9408K, reserved 1048576K
}
Event: 177.305 GC heap before
{Heap before GC invocations=55 (full 0):
 garbage-first heap   total reserved 1505280K, committed 208896K, used 169379K [0x00000000a4200000, 0x0000000100000000)
  region size 1024K, 49 young (50176K), 5 survivors (5120K)
 Metaspace       used 76232K, committed 77312K, reserved 1179648K
  class space    used 8912K, committed 9408K, reserved 1048576K
}
Event: 177.311 GC heap after
{Heap after GC invocations=56 (full 0):
 garbage-first heap   total reserved 1505280K, committed 208896K, used 128004K [0x00000000a4200000, 0x0000000100000000)
  region size 1024K, 5 young (5120K), 5 survivors (5120K)
 Metaspace       used 76232K, committed 77312K, reserved 1179648K
  class space    used 8912K, committed 9408K, reserved 1048576K
}
Event: 177.844 GC heap before
{Heap before GC invocations=56 (full 0):
 garbage-first heap   total reserved 1505280K, committed 208896K, used 185348K [0x00000000a4200000, 0x0000000100000000)
  region size 1024K, 59 young (60416K), 5 survivors (5120K)
 Metaspace       used 76289K, committed 77312K, reserved 1179648K
  class space    used 8912K, committed 9408K, reserved 1048576K
}

